@!@!@STARTMSG 2262:0 @!@!@
TLC2 Version 2.12 of 29 January 2018
@!@!@ENDMSG 2262 @!@!@
@!@!@STARTMSG 2187:0 @!@!@
Running breadth-first search Model-Checking with 4 workers on 8 cores with 1214MB heap and 2730MB offheap memory (Mac OS X 10.11.6 x86_64, Oracle Corporation 1.8.0_60-ea x86_64).
@!@!@ENDMSG 2187 @!@!@
@!@!@STARTMSG 2220:0 @!@!@
Starting SANY...
@!@!@ENDMSG 2220 @!@!@
Parsing file /Users/tbrunson6/Desktop/Projects/IRAD/FASCS/pluscal-examples/Euclid.toolbox/EuclidModel/MC.tla
Parsing file /Users/tbrunson6/Desktop/Projects/IRAD/FASCS/pluscal-examples/Euclid.toolbox/EuclidModel/Euclid.tla
Parsing file /Users/tbrunson6/Desktop/TLA+ Toolbox.app/Contents/Eclipse/plugins/org.lamport.tlatools_1.0.0.201801291236/tla2sany/StandardModules/TLC.tla
Parsing file /Users/tbrunson6/Desktop/TLA+ Toolbox.app/Contents/Eclipse/plugins/org.lamport.tlatools_1.0.0.201801291236/tla2sany/StandardModules/Naturals.tla
Parsing file /Users/tbrunson6/Desktop/TLA+ Toolbox.app/Contents/Eclipse/plugins/org.lamport.tlatools_1.0.0.201801291236/tla2sany/StandardModules/Sequences.tla
Semantic processing of module Naturals
Semantic processing of module Sequences
Semantic processing of module TLC
Semantic processing of module Euclid
Semantic processing of module MC
@!@!@STARTMSG 2219:0 @!@!@
SANY finished.
@!@!@ENDMSG 2219 @!@!@
@!@!@STARTMSG 2185:0 @!@!@
Starting... (2018-03-21 21:15:35)
@!@!@ENDMSG 2185 @!@!@
@!@!@STARTMSG 2189:0 @!@!@
Computing initial states...
@!@!@ENDMSG 2189 @!@!@
@!@!@STARTMSG 2190:0 @!@!@
Finished computing initial states: 1369 distinct states generated.
@!@!@ENDMSG 2190 @!@!@
<<2, "and", 2, "have gcd", 2>>
<<1, "and", 1, "have gcd", 1>>
<<4, "and", 4, "have gcd", 4>>
<<3, "and", 3, "have gcd", 3>>
<<5, "and", 5, "have gcd", 5>>
<<6, "and", 6, "have gcd", 6>>
<<7, "and", 7, "have gcd", 7>>
<<8, "and", 8, "have gcd", 8>>
<<9, "and", 9, "have gcd", 9>>
<<10, "and", 10, "have gcd", 10>>
<<11, "and", 11, "have gcd", 11>>
<<12, "and", 12, "have gcd", 12>>
<<13, "and", 13, "have gcd", 13>>
<<14, "and", 14, "have gcd", 14>>
<<15, "and", 15, "have gcd", 15>>
<<16, "and", 16, "have gcd", 16>>
<<17, "and", 17, "have gcd", 17>>
<<18, "and", 18, "have gcd", 18>>
<<19, "and", 19, "have gcd", 19>>
<<20, "and", 20, "have gcd", 20>>
<<21, "and", 21, "have gcd", 21>>
<<22, "and", 22, "have gcd", 22>>
<<23, "and", 23, "have gcd", 23>>
<<24, "and", 24, "have gcd", 24>>
<<25, "and", 25, "have gcd", 25>>
<<26, "and", 26, "have gcd", 26>>
<<27, "and", 27, "have gcd", 27>>
<<28, "and", 28, "have gcd", 28>>
<<29, "and", 29, "have gcd", 29>>
<<30, "and", 30, "have gcd", 30>>
<<31, "and", 31, "have gcd", 31>>
<<32, "and", 32, "have gcd", 32>>
<<33, "and", 33, "have gcd", 33>>
<<34, "and", 34, "have gcd", 34>>
<<35, "and", 35, "have gcd", 35>>
<<36, "and", 36, "have gcd", 36>>
<<37, "and", 37, "have gcd", 37>>
<<1, "and", 2, "have gcd", 1>>
<<2, "and", 1, "have gcd", 1>>
<<2, "and", 4, "have gcd", 2>>
<<3, "and", 6, "have gcd", 3>>
<<4, "and", 2, "have gcd", 2>>
<<4, "and", 8, "have gcd", 4>>
<<5, "and", 10, "have gcd", 5>>
<<6, "and", 3, "have gcd", 3>>
<<6, "and", 12, "have gcd", 6>>
<<7, "and", 14, "have gcd", 7>>
<<8, "and", 4, "have gcd", 4>>
<<8, "and", 16, "have gcd", 8>>
<<9, "and", 18, "have gcd", 9>>
<<10, "and", 5, "have gcd", 5>>
<<10, "and", 20, "have gcd", 10>>
<<11, "and", 22, "have gcd", 11>>
<<12, "and", 6, "have gcd", 6>>
<<12, "and", 24, "have gcd", 12>>
<<13, "and", 26, "have gcd", 13>>
<<14, "and", 7, "have gcd", 7>>
<<14, "and", 28, "have gcd", 14>>
<<15, "and", 30, "have gcd", 15>>
<<16, "and", 8, "have gcd", 8>>
<<16, "and", 32, "have gcd", 16>>
<<17, "and", 34, "have gcd", 17>>
<<18, "and", 9, "have gcd", 9>>
<<18, "and", 36, "have gcd", 18>>
<<20, "and", 10, "have gcd", 10>>
<<22, "and", 11, "have gcd", 11>>
<<24, "and", 12, "have gcd", 12>>
<<26, "and", 13, "have gcd", 13>>
<<28, "and", 14, "have gcd", 14>>
<<30, "and", 15, "have gcd", 15>>
<<32, "and", 16, "have gcd", 16>>
<<34, "and", 17, "have gcd", 17>>
<<36, "and", 18, "have gcd", 18>>
<<1, "and", 3, "have gcd", 1>>
<<2, "and", 3, "have gcd", 1>>
<<2, "and", 6, "have gcd", 2>>
<<3, "and", 2, "have gcd", 1>>
<<3, "and", 9, "have gcd", 3>>
<<4, "and", 6, "have gcd", 2>>
<<4, "and", 12, "have gcd", 4>>
<<5, "and", 15, "have gcd", 5>>
<<6, "and", 2, "have gcd", 2>>
<<3, "and", 1, "have gcd", 1>>
<<6, "and", 9, "have gcd", 3>>
<<6, "and", 4, "have gcd", 2>>
<<6, "and", 18, "have gcd", 6>>
<<7, "and", 21, "have gcd", 7>>
<<8, "and", 12, "have gcd", 4>>
<<8, "and", 24, "have gcd", 8>>
<<9, "and", 3, "have gcd", 3>>
<<9, "and", 6, "have gcd", 3>>
<<9, "and", 27, "have gcd", 9>>
<<10, "and", 15, "have gcd", 5>>
<<10, "and", 30, "have gcd", 10>>
<<11, "and", 33, "have gcd", 11>>
<<12, "and", 4, "have gcd", 4>>
<<12, "and", 8, "have gcd", 4>>
<<12, "and", 18, "have gcd", 6>>
<<12, "and", 36, "have gcd", 12>>
<<14, "and", 21, "have gcd", 7>>
<<15, "and", 5, "have gcd", 5>>
<<15, "and", 10, "have gcd", 5>>
<<16, "and", 24, "have gcd", 8>>
<<18, "and", 6, "have gcd", 6>>
<<18, "and", 12, "have gcd", 6>>
<<18, "and", 27, "have gcd", 9>>
<<20, "and", 30, "have gcd", 10>>
<<21, "and", 7, "have gcd", 7>>
<<21, "and", 14, "have gcd", 7>>
<<22, "and", 33, "have gcd", 11>>
<<24, "and", 8, "have gcd", 8>>
<<24, "and", 16, "have gcd", 8>>
<<27, "and", 18, "have gcd", 9>>
<<27, "and", 9, "have gcd", 9>>
<<24, "and", 36, "have gcd", 12>>
<<30, "and", 10, "have gcd", 10>>
<<30, "and", 20, "have gcd", 10>>
<<33, "and", 11, "have gcd", 11>>
<<33, "and", 22, "have gcd", 11>>
<<36, "and", 12, "have gcd", 12>>
<<36, "and", 24, "have gcd", 12>>
<<1, "and", 4, "have gcd", 1>>
<<2, "and", 5, "have gcd", 1>>
<<2, "and", 8, "have gcd", 2>>
<<3, "and", 5, "have gcd", 1>>
<<3, "and", 12, "have gcd", 3>>
<<4, "and", 1, "have gcd", 1>>
<<4, "and", 10, "have gcd", 2>>
<<3, "and", 4, "have gcd", 1>>
<<4, "and", 16, "have gcd", 4>>
<<5, "and", 3, "have gcd", 1>>
<<5, "and", 20, "have gcd", 5>>
<<6, "and", 8, "have gcd", 2>>
<<6, "and", 10, "have gcd", 2>>
<<6, "and", 15, "have gcd", 3>>
<<4, "and", 3, "have gcd", 1>>
<<5, "and", 2, "have gcd", 1>>
<<6, "and", 24, "have gcd", 6>>
<<7, "and", 28, "have gcd", 7>>
<<8, "and", 2, "have gcd", 2>>
<<8, "and", 6, "have gcd", 2>>
<<8, "and", 20, "have gcd", 4>>
<<8, "and", 32, "have gcd", 8>>
<<9, "and", 12, "have gcd", 3>>
<<9, "and", 15, "have gcd", 3>>
<<9, "and", 36, "have gcd", 9>>
<<10, "and", 4, "have gcd", 2>>
<<10, "and", 6, "have gcd", 2>>
<<10, "and", 25, "have gcd", 5>>
<<12, "and", 3, "have gcd", 3>>
<<12, "and", 9, "have gcd", 3>>
<<12, "and", 16, "have gcd", 4>>
<<12, "and", 20, "have gcd", 4>>
<<12, "and", 30, "have gcd", 6>>
<<14, "and", 35, "have gcd", 7>>
<<15, "and", 6, "have gcd", 3>>
<<15, "and", 9, "have gcd", 3>>
<<15, "and", 20, "have gcd", 5>>
<<15, "and", 25, "have gcd", 5>>
<<16, "and", 4, "have gcd", 4>>
<<16, "and", 12, "have gcd", 4>>
<<18, "and", 24, "have gcd", 6>>
<<18, "and", 30, "have gcd", 6>>
<<20, "and", 5, "have gcd", 5>>
<<20, "and", 12, "have gcd", 4>>
<<20, "and", 8, "have gcd", 4>>
<<20, "and", 15, "have gcd", 5>>
<<21, "and", 28, "have gcd", 7>>
<<21, "and", 35, "have gcd", 7>>
<<24, "and", 6, "have gcd", 6>>
<<24, "and", 18, "have gcd", 6>>
<<24, "and", 32, "have gcd", 8>>
<<25, "and", 10, "have gcd", 5>>
<<25, "and", 15, "have gcd", 5>>
<<27, "and", 36, "have gcd", 9>>
<<28, "and", 7, "have gcd", 7>>
<<28, "and", 21, "have gcd", 7>>
<<30, "and", 12, "have gcd", 6>>
<<30, "and", 18, "have gcd", 6>>
<<32, "and", 8, "have gcd", 8>>
<<32, "and", 24, "have gcd", 8>>
<<35, "and", 14, "have gcd", 7>>
<<35, "and", 21, "have gcd", 7>>
<<36, "and", 9, "have gcd", 9>>
<<36, "and", 27, "have gcd", 9>>
<<1, "and", 5, "have gcd", 1>>
<<2, "and", 7, "have gcd", 1>>
<<3, "and", 8, "have gcd", 1>>
<<3, "and", 15, "have gcd", 3>>
<<4, "and", 5, "have gcd", 1>>
<<4, "and", 7, "have gcd", 1>>
<<4, "and", 14, "have gcd", 2>>
<<4, "and", 20, "have gcd", 4>>
<<2, "and", 10, "have gcd", 2>>
<<5, "and", 1, "have gcd", 1>>
<<5, "and", 7, "have gcd", 1>>
<<5, "and", 4, "have gcd", 1>>
<<5, "and", 8, "have gcd", 1>>
<<5, "and", 25, "have gcd", 5>>
<<6, "and", 14, "have gcd", 2>>
<<6, "and", 16, "have gcd", 2>>
<<6, "and", 21, "have gcd", 3>>
<<6, "and", 30, "have gcd", 6>>
<<7, "and", 2, "have gcd", 1>>
<<7, "and", 3, "have gcd", 1>>
<<7, "and", 5, "have gcd", 1>>
<<7, "and", 4, "have gcd", 1>>
<<7, "and", 35, "have gcd", 7>>
<<8, "and", 3, "have gcd", 1>>
<<3, "and", 7, "have gcd", 1>>
<<8, "and", 5, "have gcd", 1>>
<<8, "and", 14, "have gcd", 2>>
<<8, "and", 28, "have gcd", 4>>
<<9, "and", 21, "have gcd", 3>>
<<9, "and", 24, "have gcd", 3>>
<<8, "and", 10, "have gcd", 2>>
<<10, "and", 2, "have gcd", 2>>
<<10, "and", 8, "have gcd", 2>>
<<10, "and", 16, "have gcd", 2>>
<<10, "and", 14, "have gcd", 2>>
<<10, "and", 35, "have gcd", 5>>
<<12, "and", 15, "have gcd", 3>>
<<12, "and", 28, "have gcd", 4>>
<<12, "and", 32, "have gcd", 4>>
<<14, "and", 4, "have gcd", 2>>
<<14, "and", 8, "have gcd", 2>>
<<14, "and", 6, "have gcd", 2>>
<<12, "and", 21, "have gcd", 3>>
<<15, "and", 3, "have gcd", 3>>
<<15, "and", 12, "have gcd", 3>>
<<15, "and", 21, "have gcd", 3>>
<<14, "and", 10, "have gcd", 2>>
<<15, "and", 35, "have gcd", 5>>
<<16, "and", 6, "have gcd", 2>>
<<16, "and", 10, "have gcd", 2>>
<<16, "and", 20, "have gcd", 4>>
<<16, "and", 28, "have gcd", 4>>
<<15, "and", 24, "have gcd", 3>>
<<20, "and", 4, "have gcd", 4>>
<<20, "and", 16, "have gcd", 4>>
<<20, "and", 25, "have gcd", 5>>
<<20, "and", 32, "have gcd", 4>>
<<20, "and", 28, "have gcd", 4>>
<<21, "and", 6, "have gcd", 3>>
<<20, "and", 35, "have gcd", 5>>
<<21, "and", 9, "have gcd", 3>>
<<21, "and", 12, "have gcd", 3>>
<<21, "and", 15, "have gcd", 3>>
<<24, "and", 15, "have gcd", 3>>
<<24, "and", 9, "have gcd", 3>>
<<24, "and", 30, "have gcd", 6>>
<<25, "and", 5, "have gcd", 5>>
<<25, "and", 20, "have gcd", 5>>
<<25, "and", 35, "have gcd", 5>>
<<28, "and", 8, "have gcd", 4>>
<<28, "and", 12, "have gcd", 4>>
<<28, "and", 20, "have gcd", 4>>
<<28, "and", 16, "have gcd", 4>>
<<28, "and", 35, "have gcd", 7>>
<<30, "and", 6, "have gcd", 6>>
<<30, "and", 24, "have gcd", 6>>
<<32, "and", 12, "have gcd", 4>>
<<32, "and", 20, "have gcd", 4>>
<<35, "and", 7, "have gcd", 7>>
<<35, "and", 10, "have gcd", 5>>
<<35, "and", 15, "have gcd", 5>>
<<35, "and", 20, "have gcd", 5>>
<<35, "and", 25, "have gcd", 5>>
<<35, "and", 28, "have gcd", 7>>
<<1, "and", 6, "have gcd", 1>>
<<2, "and", 9, "have gcd", 1>>
<<3, "and", 10, "have gcd", 1>>
<<3, "and", 18, "have gcd", 3>>
<<4, "and", 11, "have gcd", 1>>
<<4, "and", 9, "have gcd", 1>>
<<2, "and", 12, "have gcd", 2>>
<<3, "and", 11, "have gcd", 1>>
<<4, "and", 18, "have gcd", 2>>
<<4, "and", 24, "have gcd", 4>>
<<5, "and", 9, "have gcd", 1>>
<<5, "and", 6, "have gcd", 1>>
<<5, "and", 13, "have gcd", 1>>
<<5, "and", 12, "have gcd", 1>>
<<5, "and", 30, "have gcd", 5>>
<<6, "and", 1, "have gcd", 1>>
<<6, "and", 5, "have gcd", 1>>
<<6, "and", 20, "have gcd", 2>>
<<6, "and", 22, "have gcd", 2>>
<<6, "and", 27, "have gcd", 3>>
<<6, "and", 36, "have gcd", 6>>
<<7, "and", 9, "have gcd", 1>>
<<7, "and", 12, "have gcd", 1>>
<<7, "and", 10, "have gcd", 1>>
<<7, "and", 11, "have gcd", 1>>
<<8, "and", 11, "have gcd", 1>>
<<8, "and", 18, "have gcd", 2>>
<<8, "and", 13, "have gcd", 1>>
<<8, "and", 22, "have gcd", 2>>
<<8, "and", 36, "have gcd", 4>>
<<9, "and", 7, "have gcd", 1>>
<<9, "and", 2, "have gcd", 1>>
<<9, "and", 4, "have gcd", 1>>
<<9, "and", 5, "have gcd", 1>>
<<9, "and", 30, "have gcd", 3>>
<<9, "and", 33, "have gcd", 3>>
<<10, "and", 3, "have gcd", 1>>
<<10, "and", 7, "have gcd", 1>>
<<10, "and", 12, "have gcd", 2>>
<<10, "and", 18, "have gcd", 2>>
<<10, "and", 26, "have gcd", 2>>
<<10, "and", 24, "have gcd", 2>>
<<11, "and", 4, "have gcd", 1>>
<<11, "and", 8, "have gcd", 1>>
<<11, "and", 7, "have gcd", 1>>
<<11, "and", 3, "have gcd", 1>>
<<12, "and", 2, "have gcd", 2>>
<<12, "and", 7, "have gcd", 1>>
<<12, "and", 5, "have gcd", 1>>
<<12, "and", 10, "have gcd", 2>>
<<12, "and", 27, "have gcd", 3>>
<<12, "and", 33, "have gcd", 3>>
<<13, "and", 8, "have gcd", 1>>
<<13, "and", 5, "have gcd", 1>>
<<14, "and", 20, "have gcd", 2>>
<<14, "and", 22, "have gcd", 2>>
<<14, "and", 18, "have gcd", 2>>
<<14, "and", 24, "have gcd", 2>>
<<15, "and", 18, "have gcd", 3>>
<<15, "and", 27, "have gcd", 3>>
<<15, "and", 36, "have gcd", 3>>
<<16, "and", 22, "have gcd", 2>>
<<16, "and", 26, "have gcd", 2>>
<<16, "and", 36, "have gcd", 4>>
<<18, "and", 3, "have gcd", 3>>
<<18, "and", 4, "have gcd", 2>>
<<18, "and", 10, "have gcd", 2>>
<<18, "and", 15, "have gcd", 3>>
<<18, "and", 8, "have gcd", 2>>
<<18, "and", 14, "have gcd", 2>>
<<20, "and", 6, "have gcd", 2>>
<<20, "and", 14, "have gcd", 2>>
<<20, "and", 24, "have gcd", 4>>
<<20, "and", 36, "have gcd", 4>>
<<21, "and", 27, "have gcd", 3>>
<<21, "and", 30, "have gcd", 3>>
<<21, "and", 33, "have gcd", 3>>
<<21, "and", 36, "have gcd", 3>>
<<22, "and", 6, "have gcd", 2>>
<<22, "and", 16, "have gcd", 2>>
<<22, "and", 8, "have gcd", 2>>
<<22, "and", 14, "have gcd", 2>>
<<24, "and", 4, "have gcd", 4>>
<<24, "and", 10, "have gcd", 2>>
<<24, "and", 14, "have gcd", 2>>
<<24, "and", 20, "have gcd", 4>>
<<24, "and", 33, "have gcd", 3>>
<<25, "and", 30, "have gcd", 5>>
<<26, "and", 10, "have gcd", 2>>
<<26, "and", 16, "have gcd", 2>>
<<27, "and", 6, "have gcd", 3>>
<<27, "and", 15, "have gcd", 3>>
<<27, "and", 12, "have gcd", 3>>
<<27, "and", 21, "have gcd", 3>>
<<28, "and", 36, "have gcd", 4>>
<<30, "and", 5, "have gcd", 5>>
<<30, "and", 9, "have gcd", 3>>
<<30, "and", 21, "have gcd", 3>>
<<30, "and", 25, "have gcd", 5>>
<<30, "and", 36, "have gcd", 6>>
<<33, "and", 9, "have gcd", 3>>
<<33, "and", 12, "have gcd", 3>>
<<33, "and", 21, "have gcd", 3>>
<<33, "and", 24, "have gcd", 3>>
<<36, "and", 8, "have gcd", 4>>
<<36, "and", 6, "have gcd", 6>>
<<36, "and", 15, "have gcd", 3>>
<<36, "and", 16, "have gcd", 4>>
<<36, "and", 20, "have gcd", 4>>
<<36, "and", 21, "have gcd", 3>>
<<36, "and", 28, "have gcd", 4>>
<<36, "and", 30, "have gcd", 6>>
<<1, "and", 7, "have gcd", 1>>
<<2, "and", 11, "have gcd", 1>>
<<2, "and", 14, "have gcd", 2>>
<<3, "and", 13, "have gcd", 1>>
<<3, "and", 21, "have gcd", 3>>
<<4, "and", 15, "have gcd", 1>>
<<4, "and", 13, "have gcd", 1>>
<<4, "and", 22, "have gcd", 2>>
<<3, "and", 14, "have gcd", 1>>
<<4, "and", 28, "have gcd", 4>>
<<5, "and", 11, "have gcd", 1>>
<<5, "and", 14, "have gcd", 1>>
<<5, "and", 18, "have gcd", 1>>
<<5, "and", 17, "have gcd", 1>>
<<5, "and", 35, "have gcd", 5>>
<<6, "and", 7, "have gcd", 1>>
<<6, "and", 11, "have gcd", 1>>
<<6, "and", 26, "have gcd", 2>>
<<6, "and", 28, "have gcd", 2>>
<<6, "and", 33, "have gcd", 3>>
<<7, "and", 1, "have gcd", 1>>
<<7, "and", 6, "have gcd", 1>>
<<7, "and", 18, "have gcd", 1>>
<<7, "and", 16, "have gcd", 1>>
<<7, "and", 17, "have gcd", 1>>
<<7, "and", 19, "have gcd", 1>>
<<8, "and", 21, "have gcd", 1>>
<<8, "and", 19, "have gcd", 1>>
<<8, "and", 26, "have gcd", 2>>
<<8, "and", 30, "have gcd", 2>>
<<9, "and", 11, "have gcd", 1>>
<<9, "and", 14, "have gcd", 1>>
<<9, "and", 13, "have gcd", 1>>
<<9, "and", 16, "have gcd", 1>>
<<10, "and", 13, "have gcd", 1>>
<<10, "and", 17, "have gcd", 1>>
<<10, "and", 22, "have gcd", 2>>
<<10, "and", 28, "have gcd", 2>>
<<10, "and", 34, "have gcd", 2>>
<<10, "and", 36, "have gcd", 2>>
<<11, "and", 2, "have gcd", 1>>
<<11, "and", 6, "have gcd", 1>>
<<11, "and", 9, "have gcd", 1>>
<<11, "and", 5, "have gcd", 1>>
<<11, "and", 14, "have gcd", 1>>
<<11, "and", 18, "have gcd", 1>>
<<11, "and", 15, "have gcd", 1>>
<<11, "and", 19, "have gcd", 1>>
<<12, "and", 14, "have gcd", 2>>
<<12, "and", 19, "have gcd", 1>>
<<12, "and", 17, "have gcd", 1>>
<<12, "and", 22, "have gcd", 2>>
<<13, "and", 3, "have gcd", 1>>
<<13, "and", 4, "have gcd", 1>>
<<13, "and", 10, "have gcd", 1>>
<<13, "and", 9, "have gcd", 1>>
<<13, "and", 18, "have gcd", 1>>
<<13, "and", 21, "have gcd", 1>>
<<14, "and", 2, "have gcd", 2>>
<<14, "and", 3, "have gcd", 1>>
<<14, "and", 5, "have gcd", 1>>
<<14, "and", 9, "have gcd", 1>>
<<14, "and", 11, "have gcd", 1>>
<<14, "and", 12, "have gcd", 2>>
<<14, "and", 32, "have gcd", 2>>
<<14, "and", 34, "have gcd", 2>>
<<14, "and", 36, "have gcd", 2>>
<<15, "and", 11, "have gcd", 1>>
<<15, "and", 33, "have gcd", 3>>
<<16, "and", 7, "have gcd", 1>>
<<16, "and", 9, "have gcd", 1>>
<<17, "and", 7, "have gcd", 1>>
<<17, "and", 5, "have gcd", 1>>
<<17, "and", 10, "have gcd", 1>>
<<17, "and", 12, "have gcd", 1>>
<<18, "and", 7, "have gcd", 1>>
<<18, "and", 5, "have gcd", 1>>
<<18, "and", 13, "have gcd", 1>>
<<18, "and", 11, "have gcd", 1>>
<<18, "and", 21, "have gcd", 3>>
<<18, "and", 33, "have gcd", 3>>
<<18, "and", 28, "have gcd", 2>>
<<18, "and", 32, "have gcd", 2>>
<<18, "and", 22, "have gcd", 2>>
<<19, "and", 7, "have gcd", 1>>
<<19, "and", 12, "have gcd", 1>>
<<19, "and", 8, "have gcd", 1>>
<<20, "and", 26, "have gcd", 2>>
<<19, "and", 11, "have gcd", 1>>
<<20, "and", 34, "have gcd", 2>>
<<21, "and", 3, "have gcd", 3>>
<<21, "and", 8, "have gcd", 1>>
<<21, "and", 13, "have gcd", 1>>
<<21, "and", 18, "have gcd", 3>>
<<18, "and", 26, "have gcd", 2>>
<<22, "and", 4, "have gcd", 2>>
<<22, "and", 12, "have gcd", 2>>
<<22, "and", 10, "have gcd", 2>>
<<22, "and", 18, "have gcd", 2>>
<<22, "and", 28, "have gcd", 2>>
<<22, "and", 30, "have gcd", 2>>
<<22, "and", 36, "have gcd", 2>>
<<24, "and", 28, "have gcd", 4>>
<<24, "and", 34, "have gcd", 2>>
<<26, "and", 6, "have gcd", 2>>
<<26, "and", 8, "have gcd", 2>>
<<26, "and", 18, "have gcd", 2>>
<<26, "and", 20, "have gcd", 2>>
<<26, "and", 36, "have gcd", 2>>
<<27, "and", 33, "have gcd", 3>>
<<28, "and", 4, "have gcd", 4>>
<<28, "and", 10, "have gcd", 2>>
<<28, "and", 6, "have gcd", 2>>
<<28, "and", 18, "have gcd", 2>>
<<28, "and", 22, "have gcd", 2>>
<<28, "and", 24, "have gcd", 4>>
<<30, "and", 8, "have gcd", 2>>
<<30, "and", 22, "have gcd", 2>>
<<30, "and", 35, "have gcd", 5>>
<<32, "and", 14, "have gcd", 2>>
<<32, "and", 18, "have gcd", 2>>
<<33, "and", 6, "have gcd", 3>>
<<33, "and", 15, "have gcd", 3>>
<<33, "and", 18, "have gcd", 3>>
<<33, "and", 27, "have gcd", 3>>
<<34, "and", 10, "have gcd", 2>>
<<34, "and", 14, "have gcd", 2>>
<<34, "and", 20, "have gcd", 2>>
<<34, "and", 24, "have gcd", 2>>
<<35, "and", 5, "have gcd", 5>>
<<15, "and", 4, "have gcd", 1>>
<<35, "and", 30, "have gcd", 5>>
<<36, "and", 10, "have gcd", 2>>
<<36, "and", 22, "have gcd", 2>>
<<36, "and", 14, "have gcd", 2>>
<<36, "and", 26, "have gcd", 2>>
<<1, "and", 8, "have gcd", 1>>
<<2, "and", 16, "have gcd", 2>>
<<3, "and", 16, "have gcd", 1>>
<<2, "and", 13, "have gcd", 1>>
<<3, "and", 24, "have gcd", 3>>
<<3, "and", 17, "have gcd", 1>>
<<4, "and", 19, "have gcd", 1>>
<<4, "and", 17, "have gcd", 1>>
<<4, "and", 26, "have gcd", 2>>
<<4, "and", 32, "have gcd", 4>>
<<5, "and", 16, "have gcd", 1>>
<<5, "and", 19, "have gcd", 1>>
<<5, "and", 23, "have gcd", 1>>
<<5, "and", 22, "have gcd", 1>>
<<6, "and", 13, "have gcd", 1>>
<<6, "and", 17, "have gcd", 1>>
<<6, "and", 34, "have gcd", 2>>
<<6, "and", 32, "have gcd", 2>>
<<7, "and", 8, "have gcd", 1>>
<<7, "and", 13, "have gcd", 1>>
<<7, "and", 23, "have gcd", 1>>
<<7, "and", 24, "have gcd", 1>>
<<7, "and", 26, "have gcd", 1>>
<<7, "and", 25, "have gcd", 1>>
<<8, "and", 1, "have gcd", 1>>
<<8, "and", 7, "have gcd", 1>>
<<8, "and", 27, "have gcd", 1>>
<<8, "and", 29, "have gcd", 1>>
<<9, "and", 20, "have gcd", 1>>
<<8, "and", 34, "have gcd", 2>>
<<9, "and", 22, "have gcd", 1>>
<<9, "and", 23, "have gcd", 1>>
<<9, "and", 25, "have gcd", 1>>
<<10, "and", 27, "have gcd", 1>>
<<10, "and", 23, "have gcd", 1>>
<<10, "and", 32, "have gcd", 2>>
<<11, "and", 13, "have gcd", 1>>
<<11, "and", 17, "have gcd", 1>>
<<11, "and", 16, "have gcd", 1>>
<<11, "and", 20, "have gcd", 1>>
<<11, "and", 25, "have gcd", 1>>
<<11, "and", 26, "have gcd", 1>>
<<11, "and", 29, "have gcd", 1>>
<<11, "and", 30, "have gcd", 1>>
<<12, "and", 26, "have gcd", 2>>
<<12, "and", 29, "have gcd", 1>>
<<12, "and", 31, "have gcd", 1>>
<<12, "and", 34, "have gcd", 2>>
<<13, "and", 7, "have gcd", 1>>
<<13, "and", 11, "have gcd", 1>>
<<13, "and", 2, "have gcd", 1>>
<<13, "and", 6, "have gcd", 1>>
<<13, "and", 16, "have gcd", 1>>
<<13, "and", 22, "have gcd", 1>>
<<13, "and", 17, "have gcd", 1>>
<<13, "and", 23, "have gcd", 1>>
<<13, "and", 31, "have gcd", 1>>
<<13, "and", 34, "have gcd", 1>>
<<14, "and", 16, "have gcd", 2>>
<<14, "and", 19, "have gcd", 1>>
<<14, "and", 17, "have gcd", 1>>
<<14, "and", 25, "have gcd", 1>>
<<14, "and", 23, "have gcd", 1>>
<<14, "and", 26, "have gcd", 2>>
<<15, "and", 19, "have gcd", 1>>
<<15, "and", 26, "have gcd", 1>>
<<16, "and", 3, "have gcd", 1>>
<<16, "and", 5, "have gcd", 1>>
<<16, "and", 2, "have gcd", 2>>
<<16, "and", 13, "have gcd", 1>>
<<16, "and", 11, "have gcd", 1>>
<<16, "and", 14, "have gcd", 2>>
<<16, "and", 23, "have gcd", 1>>
<<16, "and", 25, "have gcd", 1>>
<<17, "and", 3, "have gcd", 1>>
<<17, "and", 4, "have gcd", 1>>
<<17, "and", 6, "have gcd", 1>>
<<17, "and", 13, "have gcd", 1>>
<<17, "and", 14, "have gcd", 1>>
<<17, "and", 11, "have gcd", 1>>
<<17, "and", 22, "have gcd", 1>>
<<17, "and", 24, "have gcd", 1>>
<<17, "and", 27, "have gcd", 1>>
<<17, "and", 29, "have gcd", 1>>
<<18, "and", 23, "have gcd", 1>>
<<18, "and", 25, "have gcd", 1>>
<<18, "and", 29, "have gcd", 1>>
<<18, "and", 31, "have gcd", 1>>
<<19, "and", 4, "have gcd", 1>>
<<19, "and", 5, "have gcd", 1>>
<<19, "and", 14, "have gcd", 1>>
<<19, "and", 15, "have gcd", 1>>
<<19, "and", 26, "have gcd", 1>>
<<19, "and", 27, "have gcd", 1>>
<<19, "and", 31, "have gcd", 1>>
<<19, "and", 30, "have gcd", 1>>
<<20, "and", 9, "have gcd", 1>>
<<20, "and", 11, "have gcd", 1>>
<<21, "and", 24, "have gcd", 3>>
<<21, "and", 29, "have gcd", 1>>
<<21, "and", 34, "have gcd", 1>>
<<22, "and", 5, "have gcd", 1>>
<<22, "and", 9, "have gcd", 1>>
<<22, "and", 13, "have gcd", 1>>
<<22, "and", 17, "have gcd", 1>>
<<22, "and", 26, "have gcd", 2>>
<<22, "and", 34, "have gcd", 2>>
<<22, "and", 32, "have gcd", 2>>
<<23, "and", 7, "have gcd", 1>>
<<23, "and", 5, "have gcd", 1>>
<<23, "and", 10, "have gcd", 1>>
<<23, "and", 9, "have gcd", 1>>
<<23, "and", 13, "have gcd", 1>>
<<23, "and", 14, "have gcd", 1>>
<<23, "and", 16, "have gcd", 1>>
<<23, "and", 18, "have gcd", 1>>
<<24, "and", 3, "have gcd", 3>>
<<24, "and", 7, "have gcd", 1>>
<<24, "and", 17, "have gcd", 1>>
<<24, "and", 21, "have gcd", 3>>
<<25, "and", 11, "have gcd", 1>>
<<25, "and", 7, "have gcd", 1>>
<<25, "and", 9, "have gcd", 1>>
<<25, "and", 18, "have gcd", 1>>
<<25, "and", 14, "have gcd", 1>>
<<25, "and", 16, "have gcd", 1>>
<<26, "and", 4, "have gcd", 2>>
<<26, "and", 7, "have gcd", 1>>
<<26, "and", 12, "have gcd", 2>>
<<26, "and", 11, "have gcd", 1>>
<<26, "and", 19, "have gcd", 1>>
<<26, "and", 15, "have gcd", 1>>
<<26, "and", 14, "have gcd", 2>>
<<26, "and", 22, "have gcd", 2>>
<<26, "and", 32, "have gcd", 2>>
<<26, "and", 34, "have gcd", 2>>
<<27, "and", 8, "have gcd", 1>>
<<27, "and", 10, "have gcd", 1>>
<<27, "and", 17, "have gcd", 1>>
<<27, "and", 19, "have gcd", 1>>
<<28, "and", 32, "have gcd", 4>>
<<28, "and", 34, "have gcd", 2>>
<<29, "and", 11, "have gcd", 1>>
<<29, "and", 8, "have gcd", 1>>
<<29, "and", 12, "have gcd", 1>>
<<29, "and", 21, "have gcd", 1>>
<<29, "and", 18, "have gcd", 1>>
<<29, "and", 17, "have gcd", 1>>
<<30, "and", 11, "have gcd", 1>>
<<30, "and", 19, "have gcd", 1>>
<<31, "and", 12, "have gcd", 1>>
<<31, "and", 13, "have gcd", 1>>
<<31, "and", 18, "have gcd", 1>>
<<31, "and", 19, "have gcd", 1>>
<<32, "and", 6, "have gcd", 2>>
<<32, "and", 4, "have gcd", 4>>
<<32, "and", 10, "have gcd", 2>>
<<32, "and", 26, "have gcd", 2>>
<<32, "and", 22, "have gcd", 2>>
<<32, "and", 28, "have gcd", 4>>
<<34, "and", 6, "have gcd", 2>>
<<34, "and", 8, "have gcd", 2>>
<<34, "and", 12, "have gcd", 2>>
<<34, "and", 13, "have gcd", 1>>
<<34, "and", 21, "have gcd", 1>>
<<34, "and", 22, "have gcd", 2>>
<<34, "and", 26, "have gcd", 2>>
<<34, "and", 28, "have gcd", 2>>
<<1, "and", 9, "have gcd", 1>>
<<2, "and", 15, "have gcd", 1>>
<<2, "and", 18, "have gcd", 2>>
<<3, "and", 20, "have gcd", 1>>
<<3, "and", 27, "have gcd", 3>>
<<4, "and", 21, "have gcd", 1>>
<<3, "and", 19, "have gcd", 1>>
<<4, "and", 23, "have gcd", 1>>
<<4, "and", 30, "have gcd", 2>>
<<4, "and", 36, "have gcd", 4>>
<<5, "and", 21, "have gcd", 1>>
<<5, "and", 24, "have gcd", 1>>
<<5, "and", 27, "have gcd", 1>>
<<5, "and", 28, "have gcd", 1>>
<<6, "and", 23, "have gcd", 1>>
<<6, "and", 19, "have gcd", 1>>
<<7, "and", 15, "have gcd", 1>>
<<7, "and", 20, "have gcd", 1>>
<<7, "and", 30, "have gcd", 1>>
<<7, "and", 33, "have gcd", 1>>
<<7, "and", 31, "have gcd", 1>>
<<7, "and", 32, "have gcd", 1>>
<<8, "and", 15, "have gcd", 1>>
<<8, "and", 9, "have gcd", 1>>
<<8, "and", 35, "have gcd", 1>>
<<8, "and", 37, "have gcd", 1>>
<<9, "and", 1, "have gcd", 1>>
<<9, "and", 8, "have gcd", 1>>
<<9, "and", 29, "have gcd", 1>>
<<9, "and", 32, "have gcd", 1>>
<<9, "and", 31, "have gcd", 1>>
<<9, "and", 34, "have gcd", 1>>
<<10, "and", 33, "have gcd", 1>>
<<10, "and", 37, "have gcd", 1>>
<<11, "and", 27, "have gcd", 1>>
<<11, "and", 24, "have gcd", 1>>
<<11, "and", 28, "have gcd", 1>>
<<11, "and", 31, "have gcd", 1>>
<<11, "and", 37, "have gcd", 1>>
<<11, "and", 36, "have gcd", 1>>
<<13, "and", 15, "have gcd", 1>>
<<13, "and", 19, "have gcd", 1>>
<<13, "and", 24, "have gcd", 1>>
<<13, "and", 20, "have gcd", 1>>
<<13, "and", 29, "have gcd", 1>>
<<13, "and", 30, "have gcd", 1>>
<<13, "and", 36, "have gcd", 1>>
<<13, "and", 35, "have gcd", 1>>
<<14, "and", 33, "have gcd", 1>>
<<14, "and", 30, "have gcd", 2>>
<<14, "and", 31, "have gcd", 1>>
<<14, "and", 37, "have gcd", 1>>
<<15, "and", 2, "have gcd", 1>>
<<15, "and", 7, "have gcd", 1>>
<<15, "and", 8, "have gcd", 1>>
<<15, "and", 13, "have gcd", 1>>
<<15, "and", 34, "have gcd", 1>>
<<16, "and", 18, "have gcd", 2>>
<<16, "and", 21, "have gcd", 1>>
<<16, "and", 19, "have gcd", 1>>
<<16, "and", 30, "have gcd", 2>>
<<16, "and", 27, "have gcd", 1>>
<<16, "and", 29, "have gcd", 1>>
<<17, "and", 21, "have gcd", 1>>
<<17, "and", 20, "have gcd", 1>>
<<17, "and", 23, "have gcd", 1>>
<<17, "and", 28, "have gcd", 1>>
<<17, "and", 31, "have gcd", 1>>
<<17, "and", 30, "have gcd", 1>>
<<18, "and", 2, "have gcd", 2>>
<<18, "and", 16, "have gcd", 2>>
<<19, "and", 3, "have gcd", 1>>
<<19, "and", 6, "have gcd", 1>>
<<19, "and", 13, "have gcd", 1>>
<<19, "and", 16, "have gcd", 1>>
<<19, "and", 24, "have gcd", 1>>
<<19, "and", 23, "have gcd", 1>>
<<19, "and", 33, "have gcd", 1>>
<<19, "and", 34, "have gcd", 1>>
<<20, "and", 3, "have gcd", 1>>
<<20, "and", 7, "have gcd", 1>>
<<20, "and", 13, "have gcd", 1>>
<<20, "and", 17, "have gcd", 1>>
<<20, "and", 29, "have gcd", 1>>
<<20, "and", 31, "have gcd", 1>>
<<21, "and", 5, "have gcd", 1>>
<<21, "and", 4, "have gcd", 1>>
<<21, "and", 16, "have gcd", 1>>
<<21, "and", 17, "have gcd", 1>>
<<22, "and", 31, "have gcd", 1>>
<<22, "and", 27, "have gcd", 1>>
<<22, "and", 35, "have gcd", 1>>
<<23, "and", 4, "have gcd", 1>>
<<23, "and", 6, "have gcd", 1>>
<<23, "and", 17, "have gcd", 1>>
<<23, "and", 19, "have gcd", 1>>
<<23, "and", 28, "have gcd", 1>>
<<23, "and", 30, "have gcd", 1>>
<<23, "and", 33, "have gcd", 1>>
<<23, "and", 32, "have gcd", 1>>
<<23, "and", 37, "have gcd", 1>>
<<24, "and", 5, "have gcd", 1>>
<<24, "and", 11, "have gcd", 1>>
<<24, "and", 13, "have gcd", 1>>
<<24, "and", 19, "have gcd", 1>>
<<24, "and", 27, "have gcd", 3>>
<<24, "and", 31, "have gcd", 1>>
<<23, "and", 36, "have gcd", 1>>
<<25, "and", 34, "have gcd", 1>>
<<25, "and", 32, "have gcd", 1>>
<<25, "and", 36, "have gcd", 1>>
<<26, "and", 30, "have gcd", 2>>
<<26, "and", 33, "have gcd", 1>>
<<26, "and", 37, "have gcd", 1>>
<<27, "and", 3, "have gcd", 3>>
<<27, "and", 5, "have gcd", 1>>
<<27, "and", 16, "have gcd", 1>>
<<27, "and", 22, "have gcd", 1>>
<<27, "and", 24, "have gcd", 3>>
<<27, "and", 35, "have gcd", 1>>
<<28, "and", 5, "have gcd", 1>>
<<28, "and", 11, "have gcd", 1>>
<<28, "and", 17, "have gcd", 1>>
<<27, "and", 37, "have gcd", 1>>
<<28, "and", 23, "have gcd", 1>>
<<29, "and", 9, "have gcd", 1>>
<<29, "and", 13, "have gcd", 1>>
<<29, "and", 16, "have gcd", 1>>
<<29, "and", 20, "have gcd", 1>>
<<27, "and", 11, "have gcd", 1>>
<<29, "and", 37, "have gcd", 1>>
<<30, "and", 7, "have gcd", 1>>
<<30, "and", 4, "have gcd", 2>>
<<30, "and", 14, "have gcd", 2>>
<<30, "and", 13, "have gcd", 1>>
<<30, "and", 16, "have gcd", 2>>
<<30, "and", 17, "have gcd", 1>>
<<30, "and", 23, "have gcd", 1>>
<<30, "and", 26, "have gcd", 2>>
<<31, "and", 11, "have gcd", 1>>
<<31, "and", 7, "have gcd", 1>>
<<31, "and", 9, "have gcd", 1>>
<<31, "and", 14, "have gcd", 1>>
<<31, "and", 17, "have gcd", 1>>
<<31, "and", 20, "have gcd", 1>>
<<31, "and", 22, "have gcd", 1>>
<<31, "and", 24, "have gcd", 1>>
<<32, "and", 9, "have gcd", 1>>
<<32, "and", 7, "have gcd", 1>>
<<32, "and", 23, "have gcd", 1>>
<<32, "and", 25, "have gcd", 1>>
<<32, "and", 36, "have gcd", 4>>
<<33, "and", 7, "have gcd", 1>>
<<33, "and", 10, "have gcd", 1>>
<<33, "and", 14, "have gcd", 1>>
<<33, "and", 19, "have gcd", 1>>
<<33, "and", 26, "have gcd", 1>>
<<33, "and", 23, "have gcd", 1>>
<<34, "and", 9, "have gcd", 1>>
<<34, "and", 15, "have gcd", 1>>
<<34, "and", 19, "have gcd", 1>>
<<34, "and", 25, "have gcd", 1>>
<<35, "and", 8, "have gcd", 1>>
<<35, "and", 22, "have gcd", 1>>
<<35, "and", 27, "have gcd", 1>>
<<36, "and", 4, "have gcd", 4>>
<<36, "and", 13, "have gcd", 1>>
<<36, "and", 25, "have gcd", 1>>
<<36, "and", 11, "have gcd", 1>>
<<36, "and", 23, "have gcd", 1>>
<<37, "and", 10, "have gcd", 1>>
<<37, "and", 11, "have gcd", 1>>
<<37, "and", 8, "have gcd", 1>>
<<37, "and", 14, "have gcd", 1>>
<<35, "and", 13, "have gcd", 1>>
<<37, "and", 23, "have gcd", 1>>
<<37, "and", 26, "have gcd", 1>>
<<37, "and", 29, "have gcd", 1>>
<<36, "and", 32, "have gcd", 4>>
<<37, "and", 27, "have gcd", 1>>
<<1, "and", 10, "have gcd", 1>>
<<2, "and", 17, "have gcd", 1>>
<<3, "and", 22, "have gcd", 1>>
<<2, "and", 20, "have gcd", 2>>
<<3, "and", 30, "have gcd", 3>>
<<4, "and", 25, "have gcd", 1>>
<<3, "and", 23, "have gcd", 1>>
<<4, "and", 34, "have gcd", 2>>
<<5, "and", 26, "have gcd", 1>>
<<4, "and", 27, "have gcd", 1>>
<<5, "and", 32, "have gcd", 1>>
<<5, "and", 33, "have gcd", 1>>
<<6, "and", 25, "have gcd", 1>>
<<6, "and", 29, "have gcd", 1>>
<<7, "and", 22, "have gcd", 1>>
<<7, "and", 27, "have gcd", 1>>
<<7, "and", 37, "have gcd", 1>>
<<5, "and", 29, "have gcd", 1>>
<<8, "and", 17, "have gcd", 1>>
<<8, "and", 23, "have gcd", 1>>
<<9, "and", 17, "have gcd", 1>>
<<9, "and", 10, "have gcd", 1>>
<<10, "and", 1, "have gcd", 1>>
<<10, "and", 9, "have gcd", 1>>
<<11, "and", 35, "have gcd", 1>>
<<13, "and", 32, "have gcd", 1>>
<<13, "and", 33, "have gcd", 1>>
<<13, "and", 37, "have gcd", 1>>
<<13, "and", 28, "have gcd", 1>>
<<15, "and", 17, "have gcd", 1>>
<<15, "and", 22, "have gcd", 1>>
<<15, "and", 23, "have gcd", 1>>
<<15, "and", 28, "have gcd", 1>>
<<16, "and", 34, "have gcd", 2>>
<<16, "and", 37, "have gcd", 1>>
<<16, "and", 35, "have gcd", 1>>
<<17, "and", 2, "have gcd", 1>>
<<17, "and", 8, "have gcd", 1>>
<<17, "and", 9, "have gcd", 1>>
<<17, "and", 15, "have gcd", 1>>
<<17, "and", 37, "have gcd", 1>>
<<18, "and", 20, "have gcd", 2>>
<<18, "and", 34, "have gcd", 2>>
<<19, "and", 22, "have gcd", 1>>
<<19, "and", 25, "have gcd", 1>>
<<19, "and", 35, "have gcd", 1>>
<<20, "and", 2, "have gcd", 2>>
<<20, "and", 23, "have gcd", 1>>
<<19, "and", 32, "have gcd", 1>>
<<20, "and", 33, "have gcd", 1>>
<<20, "and", 18, "have gcd", 2>>
<<20, "and", 27, "have gcd", 1>>
<<20, "and", 37, "have gcd", 1>>
<<21, "and", 25, "have gcd", 1>>
<<21, "and", 26, "have gcd", 1>>
<<21, "and", 37, "have gcd", 1>>
<<22, "and", 3, "have gcd", 1>>
<<22, "and", 7, "have gcd", 1>>
<<22, "and", 15, "have gcd", 1>>
<<22, "and", 19, "have gcd", 1>>
<<23, "and", 15, "have gcd", 1>>
<<23, "and", 8, "have gcd", 1>>
<<23, "and", 20, "have gcd", 1>>
<<23, "and", 29, "have gcd", 1>>
<<23, "and", 27, "have gcd", 1>>
<<24, "and", 35, "have gcd", 1>>
<<24, "and", 29, "have gcd", 1>>
<<24, "and", 37, "have gcd", 1>>
<<23, "and", 3, "have gcd", 1>>
<<25, "and", 19, "have gcd", 1>>
<<25, "and", 21, "have gcd", 1>>
<<25, "and", 6, "have gcd", 1>>
<<26, "and", 5, "have gcd", 1>>
<<26, "and", 21, "have gcd", 1>>
<<27, "and", 4, "have gcd", 1>>
<<27, "and", 7, "have gcd", 1>>
<<25, "and", 4, "have gcd", 1>>
<<27, "and", 20, "have gcd", 1>>
<<27, "and", 30, "have gcd", 3>>
<<28, "and", 15, "have gcd", 1>>
<<28, "and", 13, "have gcd", 1>>
<<27, "and", 23, "have gcd", 1>>
<<28, "and", 33, "have gcd", 1>>
<<27, "and", 32, "have gcd", 1>>
<<29, "and", 5, "have gcd", 1>>
<<29, "and", 6, "have gcd", 1>>
<<29, "and", 23, "have gcd", 1>>
<<29, "and", 24, "have gcd", 1>>
<<30, "and", 3, "have gcd", 3>>
<<30, "and", 27, "have gcd", 3>>
<<30, "and", 34, "have gcd", 2>>
<<30, "and", 37, "have gcd", 1>>
<<32, "and", 5, "have gcd", 1>>
<<32, "and", 13, "have gcd", 1>>
<<32, "and", 19, "have gcd", 1>>
<<32, "and", 27, "have gcd", 1>>
<<33, "and", 5, "have gcd", 1>>
<<33, "and", 13, "have gcd", 1>>
<<33, "and", 20, "have gcd", 1>>
<<33, "and", 28, "have gcd", 1>>
<<34, "and", 4, "have gcd", 2>>
<<34, "and", 18, "have gcd", 2>>
<<34, "and", 16, "have gcd", 2>>
<<34, "and", 30, "have gcd", 2>>
<<35, "and", 11, "have gcd", 1>>
<<35, "and", 19, "have gcd", 1>>
<<35, "and", 16, "have gcd", 1>>
<<35, "and", 24, "have gcd", 1>>
<<37, "and", 7, "have gcd", 1>>
<<37, "and", 16, "have gcd", 1>>
<<37, "and", 17, "have gcd", 1>>
<<37, "and", 21, "have gcd", 1>>
<<37, "and", 20, "have gcd", 1>>
<<37, "and", 24, "have gcd", 1>>
<<37, "and", 30, "have gcd", 1>>
<<37, "and", 13, "have gcd", 1>>
<<1, "and", 11, "have gcd", 1>>
<<2, "and", 19, "have gcd", 1>>
<<3, "and", 25, "have gcd", 1>>
<<2, "and", 22, "have gcd", 2>>
<<3, "and", 33, "have gcd", 3>>
<<4, "and", 29, "have gcd", 1>>
<<5, "and", 31, "have gcd", 1>>
<<5, "and", 34, "have gcd", 1>>
<<5, "and", 37, "have gcd", 1>>
<<6, "and", 31, "have gcd", 1>>
<<6, "and", 35, "have gcd", 1>>
<<4, "and", 31, "have gcd", 1>>
<<7, "and", 34, "have gcd", 1>>
<<7, "and", 29, "have gcd", 1>>
<<8, "and", 25, "have gcd", 1>>
<<8, "and", 31, "have gcd", 1>>
<<3, "and", 26, "have gcd", 1>>
<<9, "and", 26, "have gcd", 1>>
<<10, "and", 11, "have gcd", 1>>
<<11, "and", 10, "have gcd", 1>>
<<10, "and", 19, "have gcd", 1>>
<<9, "and", 19, "have gcd", 1>>
<<11, "and", 1, "have gcd", 1>>
<<15, "and", 32, "have gcd", 1>>
<<17, "and", 25, "have gcd", 1>>
<<17, "and", 32, "have gcd", 1>>
<<19, "and", 2, "have gcd", 1>>
<<19, "and", 10, "have gcd", 1>>
<<19, "and", 9, "have gcd", 1>>
<<19, "and", 17, "have gcd", 1>>
<<20, "and", 22, "have gcd", 2>>
<<17, "and", 26, "have gcd", 1>>
<<17, "and", 19, "have gcd", 1>>
<<15, "and", 37, "have gcd", 1>>
<<22, "and", 20, "have gcd", 2>>
<<22, "and", 25, "have gcd", 1>>
<<22, "and", 29, "have gcd", 1>>
<<22, "and", 37, "have gcd", 1>>
<<23, "and", 26, "have gcd", 1>>
<<22, "and", 2, "have gcd", 2>>
<<23, "and", 31, "have gcd", 1>>
<<25, "and", 3, "have gcd", 1>>
<<25, "and", 8, "have gcd", 1>>
<<25, "and", 22, "have gcd", 1>>
<<25, "and", 29, "have gcd", 1>>
<<25, "and", 31, "have gcd", 1>>
<<26, "and", 3, "have gcd", 1>>
<<25, "and", 17, "have gcd", 1>>
<<26, "and", 9, "have gcd", 1>>
<<26, "and", 17, "have gcd", 1>>
<<26, "and", 23, "have gcd", 1>>
<<26, "and", 31, "have gcd", 1>>
<<27, "and", 31, "have gcd", 1>>
<<27, "and", 34, "have gcd", 1>>
<<29, "and", 4, "have gcd", 1>>
<<29, "and", 7, "have gcd", 1>>
<<29, "and", 22, "have gcd", 1>>
<<29, "and", 25, "have gcd", 1>>
<<29, "and", 35, "have gcd", 1>>
<<29, "and", 34, "have gcd", 1>>
<<30, "and", 33, "have gcd", 3>>
<<31, "and", 4, "have gcd", 1>>
<<31, "and", 6, "have gcd", 1>>
<<31, "and", 5, "have gcd", 1>>
<<31, "and", 8, "have gcd", 1>>
<<31, "and", 27, "have gcd", 1>>
<<31, "and", 23, "have gcd", 1>>
<<31, "and", 25, "have gcd", 1>>
<<31, "and", 26, "have gcd", 1>>
<<32, "and", 15, "have gcd", 1>>
<<32, "and", 17, "have gcd", 1>>
<<33, "and", 3, "have gcd", 3>>
<<33, "and", 30, "have gcd", 3>>
<<34, "and", 5, "have gcd", 1>>
<<34, "and", 7, "have gcd", 1>>
<<34, "and", 27, "have gcd", 1>>
<<34, "and", 29, "have gcd", 1>>
<<35, "and", 6, "have gcd", 1>>
<<35, "and", 29, "have gcd", 1>>
<<37, "and", 5, "have gcd", 1>>
<<37, "and", 22, "have gcd", 1>>
<<37, "and", 32, "have gcd", 1>>
<<37, "and", 15, "have gcd", 1>>
<<32, "and", 37, "have gcd", 1>>
<<1, "and", 12, "have gcd", 1>>
<<2, "and", 21, "have gcd", 1>>
<<2, "and", 24, "have gcd", 2>>
<<3, "and", 28, "have gcd", 1>>
<<3, "and", 36, "have gcd", 3>>
<<4, "and", 33, "have gcd", 1>>
<<4, "and", 35, "have gcd", 1>>
<<5, "and", 36, "have gcd", 1>>
<<6, "and", 37, "have gcd", 1>>
<<7, "and", 36, "have gcd", 1>>
<<8, "and", 33, "have gcd", 1>>
<<9, "and", 28, "have gcd", 1>>
<<9, "and", 35, "have gcd", 1>>
<<10, "and", 21, "have gcd", 1>>
<<10, "and", 29, "have gcd", 1>>
<<11, "and", 12, "have gcd", 1>>
<<11, "and", 21, "have gcd", 1>>
<<3, "and", 29, "have gcd", 1>>
<<12, "and", 1, "have gcd", 1>>
<<12, "and", 11, "have gcd", 1>>
<<17, "and", 36, "have gcd", 1>>
<<19, "and", 28, "have gcd", 1>>
<<19, "and", 21, "have gcd", 1>>
<<21, "and", 2, "have gcd", 1>>
<<21, "and", 10, "have gcd", 1>>
<<19, "and", 29, "have gcd", 1>>
<<22, "and", 24, "have gcd", 2>>
<<24, "and", 2, "have gcd", 2>>
<<21, "and", 11, "have gcd", 1>>
<<24, "and", 22, "have gcd", 2>>
<<25, "and", 33, "have gcd", 1>>
<<19, "and", 36, "have gcd", 1>>
<<26, "and", 29, "have gcd", 1>>
<<25, "and", 28, "have gcd", 1>>
<<26, "and", 35, "have gcd", 1>>
<<28, "and", 9, "have gcd", 1>>
<<28, "and", 3, "have gcd", 1>>
<<28, "and", 19, "have gcd", 1>>
<<21, "and", 19, "have gcd", 1>>
<<29, "and", 10, "have gcd", 1>>
<<29, "and", 19, "have gcd", 1>>
<<29, "and", 26, "have gcd", 1>>
<<29, "and", 36, "have gcd", 1>>
<<29, "and", 3, "have gcd", 1>>
<<28, "and", 25, "have gcd", 1>>
<<31, "and", 35, "have gcd", 1>>
<<31, "and", 37, "have gcd", 1>>
<<29, "and", 33, "have gcd", 1>>
<<31, "and", 36, "have gcd", 1>>
<<33, "and", 8, "have gcd", 1>>
<<33, "and", 25, "have gcd", 1>>
<<33, "and", 29, "have gcd", 1>>
<<33, "and", 4, "have gcd", 1>>
<<33, "and", 36, "have gcd", 3>>
<<35, "and", 4, "have gcd", 1>>
<<35, "and", 9, "have gcd", 1>>
<<35, "and", 26, "have gcd", 1>>
<<35, "and", 31, "have gcd", 1>>
<<36, "and", 5, "have gcd", 1>>
<<36, "and", 3, "have gcd", 3>>
<<36, "and", 7, "have gcd", 1>>
<<36, "and", 17, "have gcd", 1>>
<<36, "and", 19, "have gcd", 1>>
<<36, "and", 33, "have gcd", 3>>
<<36, "and", 31, "have gcd", 1>>
<<36, "and", 29, "have gcd", 1>>
<<37, "and", 6, "have gcd", 1>>
<<37, "and", 31, "have gcd", 1>>
<<1, "and", 13, "have gcd", 1>>
<<2, "and", 23, "have gcd", 1>>
<<2, "and", 26, "have gcd", 2>>
<<3, "and", 31, "have gcd", 1>>
<<3, "and", 32, "have gcd", 1>>
<<4, "and", 37, "have gcd", 1>>
<<9, "and", 37, "have gcd", 1>>
<<10, "and", 31, "have gcd", 1>>
<<11, "and", 23, "have gcd", 1>>
<<12, "and", 13, "have gcd", 1>>
<<11, "and", 32, "have gcd", 1>>
<<12, "and", 23, "have gcd", 1>>
<<13, "and", 1, "have gcd", 1>>
<<13, "and", 12, "have gcd", 1>>
<<21, "and", 31, "have gcd", 1>>
<<21, "and", 32, "have gcd", 1>>
<<21, "and", 23, "have gcd", 1>>
<<23, "and", 11, "have gcd", 1>>
<<23, "and", 2, "have gcd", 1>>
<<23, "and", 12, "have gcd", 1>>
<<23, "and", 21, "have gcd", 1>>
<<24, "and", 26, "have gcd", 2>>
<<26, "and", 2, "have gcd", 2>>
<<26, "and", 24, "have gcd", 2>>
<<28, "and", 31, "have gcd", 1>>
<<28, "and", 37, "have gcd", 1>>
<<29, "and", 32, "have gcd", 1>>
<<31, "and", 3, "have gcd", 1>>
<<31, "and", 21, "have gcd", 1>>
<<31, "and", 28, "have gcd", 1>>
<<31, "and", 10, "have gcd", 1>>
<<32, "and", 29, "have gcd", 1>>
<<32, "and", 21, "have gcd", 1>>
<<32, "and", 3, "have gcd", 1>>
<<33, "and", 37, "have gcd", 1>>
<<37, "and", 28, "have gcd", 1>>
<<37, "and", 33, "have gcd", 1>>
<<37, "and", 4, "have gcd", 1>>
<<37, "and", 9, "have gcd", 1>>
<<32, "and", 11, "have gcd", 1>>
<<1, "and", 14, "have gcd", 1>>
<<2, "and", 28, "have gcd", 2>>
<<3, "and", 34, "have gcd", 1>>
<<3, "and", 35, "have gcd", 1>>
<<11, "and", 34, "have gcd", 1>>
<<2, "and", 25, "have gcd", 1>>
<<12, "and", 25, "have gcd", 1>>
<<12, "and", 35, "have gcd", 1>>
<<13, "and", 14, "have gcd", 1>>
<<13, "and", 25, "have gcd", 1>>
<<14, "and", 1, "have gcd", 1>>
<<23, "and", 25, "have gcd", 1>>
<<14, "and", 13, "have gcd", 1>>
<<23, "and", 34, "have gcd", 1>>
<<25, "and", 2, "have gcd", 1>>
<<25, "and", 12, "have gcd", 1>>
<<23, "and", 35, "have gcd", 1>>
<<25, "and", 13, "have gcd", 1>>
<<25, "and", 23, "have gcd", 1>>
<<26, "and", 28, "have gcd", 2>>
<<28, "and", 2, "have gcd", 2>>
<<28, "and", 26, "have gcd", 2>>
<<31, "and", 34, "have gcd", 1>>
<<32, "and", 35, "have gcd", 1>>
<<34, "and", 3, "have gcd", 1>>
<<34, "and", 11, "have gcd", 1>>
<<34, "and", 23, "have gcd", 1>>
<<34, "and", 31, "have gcd", 1>>
<<35, "and", 3, "have gcd", 1>>
<<35, "and", 23, "have gcd", 1>>
<<35, "and", 12, "have gcd", 1>>
<<35, "and", 32, "have gcd", 1>>
<<1, "and", 15, "have gcd", 1>>
<<2, "and", 30, "have gcd", 2>>
<<2, "and", 27, "have gcd", 1>>
<<3, "and", 37, "have gcd", 1>>
<<13, "and", 27, "have gcd", 1>>
<<12, "and", 37, "have gcd", 1>>
<<14, "and", 27, "have gcd", 1>>
<<15, "and", 1, "have gcd", 1>>
<<15, "and", 14, "have gcd", 1>>
<<25, "and", 27, "have gcd", 1>>
<<14, "and", 15, "have gcd", 1>>
<<27, "and", 2, "have gcd", 1>>
<<27, "and", 13, "have gcd", 1>>
<<25, "and", 37, "have gcd", 1>>
<<28, "and", 30, "have gcd", 2>>
<<27, "and", 25, "have gcd", 1>>
<<30, "and", 2, "have gcd", 2>>
<<30, "and", 28, "have gcd", 2>>
<<27, "and", 14, "have gcd", 1>>
<<34, "and", 37, "have gcd", 1>>
<<37, "and", 25, "have gcd", 1>>
<<37, "and", 12, "have gcd", 1>>
<<37, "and", 34, "have gcd", 1>>
<<37, "and", 3, "have gcd", 1>>
<<1, "and", 16, "have gcd", 1>>
<<2, "and", 32, "have gcd", 2>>
<<15, "and", 16, "have gcd", 1>>
<<15, "and", 29, "have gcd", 1>>
<<2, "and", 29, "have gcd", 1>>
<<14, "and", 29, "have gcd", 1>>
<<16, "and", 15, "have gcd", 1>>
<<27, "and", 29, "have gcd", 1>>
<<29, "and", 2, "have gcd", 1>>
<<29, "and", 14, "have gcd", 1>>
<<29, "and", 27, "have gcd", 1>>
<<29, "and", 15, "have gcd", 1>>
<<32, "and", 30, "have gcd", 2>>
<<32, "and", 2, "have gcd", 2>>
<<16, "and", 1, "have gcd", 1>>
<<30, "and", 32, "have gcd", 2>>
<<1, "and", 17, "have gcd", 1>>
<<16, "and", 17, "have gcd", 1>>
<<15, "and", 31, "have gcd", 1>>
<<2, "and", 34, "have gcd", 2>>
<<16, "and", 31, "have gcd", 1>>
<<2, "and", 31, "have gcd", 1>>
<<17, "and", 1, "have gcd", 1>>
<<17, "and", 16, "have gcd", 1>>
<<29, "and", 31, "have gcd", 1>>
<<31, "and", 2, "have gcd", 1>>
<<31, "and", 29, "have gcd", 1>>
<<31, "and", 15, "have gcd", 1>>
<<31, "and", 16, "have gcd", 1>>
<<32, "and", 34, "have gcd", 2>>
<<34, "and", 2, "have gcd", 2>>
<<34, "and", 32, "have gcd", 2>>
<<1, "and", 18, "have gcd", 1>>
<<2, "and", 33, "have gcd", 1>>
<<17, "and", 18, "have gcd", 1>>
<<16, "and", 33, "have gcd", 1>>
<<18, "and", 1, "have gcd", 1>>
<<2, "and", 36, "have gcd", 2>>
<<17, "and", 33, "have gcd", 1>>
<<18, "and", 17, "have gcd", 1>>
<<31, "and", 33, "have gcd", 1>>
<<33, "and", 16, "have gcd", 1>>
<<33, "and", 2, "have gcd", 1>>
<<33, "and", 17, "have gcd", 1>>
<<33, "and", 31, "have gcd", 1>>
<<34, "and", 36, "have gcd", 2>>
<<36, "and", 34, "have gcd", 2>>
<<36, "and", 2, "have gcd", 2>>
<<1, "and", 19, "have gcd", 1>>
<<2, "and", 35, "have gcd", 1>>
<<17, "and", 35, "have gcd", 1>>
<<18, "and", 19, "have gcd", 1>>
<<18, "and", 35, "have gcd", 1>>
<<19, "and", 1, "have gcd", 1>>
<<19, "and", 18, "have gcd", 1>>
<<33, "and", 35, "have gcd", 1>>
<<35, "and", 2, "have gcd", 1>>
<<35, "and", 33, "have gcd", 1>>
<<35, "and", 18, "have gcd", 1>>
<<35, "and", 17, "have gcd", 1>>
<<1, "and", 20, "have gcd", 1>>
<<2, "and", 37, "have gcd", 1>>
<<19, "and", 20, "have gcd", 1>>
<<20, "and", 1, "have gcd", 1>>
<<20, "and", 19, "have gcd", 1>>
<<18, "and", 37, "have gcd", 1>>
<<19, "and", 37, "have gcd", 1>>
<<35, "and", 37, "have gcd", 1>>
<<37, "and", 19, "have gcd", 1>>
<<37, "and", 35, "have gcd", 1>>
<<37, "and", 2, "have gcd", 1>>
<<37, "and", 18, "have gcd", 1>>
<<1, "and", 21, "have gcd", 1>>
<<21, "and", 20, "have gcd", 1>>
<<20, "and", 21, "have gcd", 1>>
<<1, "and", 22, "have gcd", 1>>
<<21, "and", 22, "have gcd", 1>>
<<21, "and", 1, "have gcd", 1>>
<<22, "and", 21, "have gcd", 1>>
<<22, "and", 1, "have gcd", 1>>
<<1, "and", 23, "have gcd", 1>>
<<22, "and", 23, "have gcd", 1>>
<<23, "and", 22, "have gcd", 1>>
<<23, "and", 1, "have gcd", 1>>
<<1, "and", 24, "have gcd", 1>>
<<23, "and", 24, "have gcd", 1>>
<<24, "and", 1, "have gcd", 1>>
<<24, "and", 23, "have gcd", 1>>
<<1, "and", 25, "have gcd", 1>>
<<24, "and", 25, "have gcd", 1>>
<<25, "and", 1, "have gcd", 1>>
<<25, "and", 24, "have gcd", 1>>
<<1, "and", 26, "have gcd", 1>>
<<25, "and", 26, "have gcd", 1>>
<<26, "and", 1, "have gcd", 1>>
<<26, "and", 25, "have gcd", 1>>
<<1, "and", 27, "have gcd", 1>>
<<26, "and", 27, "have gcd", 1>>
<<27, "and", 1, "have gcd", 1>>
<<27, "and", 26, "have gcd", 1>>
<<1, "and", 28, "have gcd", 1>>
<<27, "and", 28, "have gcd", 1>>
<<28, "and", 27, "have gcd", 1>>
<<1, "and", 29, "have gcd", 1>>
<<29, "and", 1, "have gcd", 1>>
<<28, "and", 1, "have gcd", 1>>
<<28, "and", 29, "have gcd", 1>>
<<29, "and", 28, "have gcd", 1>>
<<1, "and", 30, "have gcd", 1>>
<<30, "and", 1, "have gcd", 1>>
<<29, "and", 30, "have gcd", 1>>
<<30, "and", 29, "have gcd", 1>>
<<1, "and", 31, "have gcd", 1>>
<<30, "and", 31, "have gcd", 1>>
<<31, "and", 30, "have gcd", 1>>
<<1, "and", 32, "have gcd", 1>>
<<32, "and", 1, "have gcd", 1>>
<<31, "and", 32, "have gcd", 1>>
<<32, "and", 31, "have gcd", 1>>
<<33, "and", 32, "have gcd", 1>>
<<31, "and", 1, "have gcd", 1>>
<<1, "and", 33, "have gcd", 1>>
<<32, "and", 33, "have gcd", 1>>
<<1, "and", 34, "have gcd", 1>>
<<33, "and", 34, "have gcd", 1>>
<<33, "and", 1, "have gcd", 1>>
<<34, "and", 33, "have gcd", 1>>
<<34, "and", 1, "have gcd", 1>>
<<1, "and", 35, "have gcd", 1>>
<<35, "and", 1, "have gcd", 1>>
<<35, "and", 34, "have gcd", 1>>
<<34, "and", 35, "have gcd", 1>>
<<1, "and", 36, "have gcd", 1>>
<<35, "and", 36, "have gcd", 1>>
<<36, "and", 35, "have gcd", 1>>
<<36, "and", 1, "have gcd", 1>>
<<1, "and", 37, "have gcd", 1>>
<<37, "and", 36, "have gcd", 1>>
<<37, "and", 1, "have gcd", 1>>
<<36, "and", 37, "have gcd", 1>>
@!@!@STARTMSG 2193:0 @!@!@
Model checking completed. No error has been found.
  Estimates of the probability that TLC did not check all reachable states
  because two distinct states had the same fingerprint:
  calculated (optimistic):  val = 2.1E-12
  based on the actual fingerprints:  val = 3.9E-12
@!@!@ENDMSG 2193 @!@!@
@!@!@STARTMSG 2201:0 @!@!@
The coverage statistics at 2018-03-21 21:15:39
@!@!@ENDMSG 2201 @!@!@
@!@!@STARTMSG 2221:0 @!@!@
  line 24, col 12 to line 24, col 12 of module Euclid: 1369
@!@!@ENDMSG 2221 @!@!@
@!@!@STARTMSG 2221:0 @!@!@
  line 24, col 15 to line 24, col 15 of module Euclid: 1369
@!@!@ENDMSG 2221 @!@!@
@!@!@STARTMSG 2221:0 @!@!@
  line 24, col 18 to line 24, col 18 of module Euclid: 1369
@!@!@ENDMSG 2221 @!@!@
@!@!@STARTMSG 2221:0 @!@!@
  line 24, col 21 to line 24, col 21 of module Euclid: 1369
@!@!@ENDMSG 2221 @!@!@
@!@!@STARTMSG 2221:0 @!@!@
  line 24, col 24 to line 24, col 25 of module Euclid: 1369
@!@!@ENDMSG 2221 @!@!@
@!@!@STARTMSG 2221:0 @!@!@
  line 36, col 38 to line 36, col 43 of module Euclid: 3014
@!@!@ENDMSG 2221 @!@!@
@!@!@STARTMSG 2221:0 @!@!@
  line 37, col 38 to line 37, col 43 of module Euclid: 3014
@!@!@ENDMSG 2221 @!@!@
@!@!@STARTMSG 2221:0 @!@!@
  line 39, col 48 to line 39, col 48 of module Euclid: 9987
@!@!@ENDMSG 2221 @!@!@
@!@!@STARTMSG 2221:0 @!@!@
  line 39, col 51 to line 39, col 51 of module Euclid: 9987
@!@!@ENDMSG 2221 @!@!@
@!@!@STARTMSG 2221:0 @!@!@
  line 40, col 24 to line 40, col 36 of module Euclid: 13001
@!@!@ENDMSG 2221 @!@!@
@!@!@STARTMSG 2221:0 @!@!@
  line 44, col 24 to line 44, col 35 of module Euclid: 1369
@!@!@ENDMSG 2221 @!@!@
@!@!@STARTMSG 2221:0 @!@!@
  line 45, col 37 to line 45, col 37 of module Euclid: 1369
@!@!@ENDMSG 2221 @!@!@
@!@!@STARTMSG 2221:0 @!@!@
  line 45, col 40 to line 45, col 40 of module Euclid: 1369
@!@!@ENDMSG 2221 @!@!@
@!@!@STARTMSG 2221:0 @!@!@
  line 46, col 26 to line 46, col 26 of module Euclid: 14370
@!@!@ENDMSG 2221 @!@!@
@!@!@STARTMSG 2221:0 @!@!@
  line 46, col 29 to line 46, col 29 of module Euclid: 14370
@!@!@ENDMSG 2221 @!@!@
@!@!@STARTMSG 2221:0 @!@!@
  line 49, col 13 to line 49, col 22 of module Euclid: 13001
@!@!@ENDMSG 2221 @!@!@
@!@!@STARTMSG 2221:0 @!@!@
  line 50, col 13 to line 50, col 25 of module Euclid: 13001
@!@!@ENDMSG 2221 @!@!@
@!@!@STARTMSG 2221:0 @!@!@
  line 51, col 26 to line 51, col 26 of module Euclid: 13001
@!@!@ENDMSG 2221 @!@!@
@!@!@STARTMSG 2221:0 @!@!@
  line 51, col 29 to line 51, col 29 of module Euclid: 13001
@!@!@ENDMSG 2221 @!@!@
@!@!@STARTMSG 2221:0 @!@!@
  line 51, col 32 to line 51, col 32 of module Euclid: 13001
@!@!@ENDMSG 2221 @!@!@
@!@!@STARTMSG 2202:0 @!@!@
End of statistics.
@!@!@ENDMSG 2202 @!@!@
@!@!@STARTMSG 2200:0 @!@!@
Progress(76) at 2018-03-21 21:15:39: 30109 states generated (530,243 s/min), 28740 distinct states found (506,134 ds/min), 0 states left on queue.
@!@!@ENDMSG 2200 @!@!@
@!@!@STARTMSG 2199:0 @!@!@
30109 states generated, 28740 distinct states found, 0 states left on queue.
@!@!@ENDMSG 2199 @!@!@
@!@!@STARTMSG 2194:0 @!@!@
The depth of the complete state graph search is 76.
@!@!@ENDMSG 2194 @!@!@
@!@!@STARTMSG 2268:0 @!@!@
The average outdegree of the complete state graph is 1 (minimum is 0, the maximum 1 and the 95th percentile is 1).
@!@!@ENDMSG 2268 @!@!@
@!@!@STARTMSG 2186:0 @!@!@
Finished in 3709ms at (2018-03-21 21:15:39)
@!@!@ENDMSG 2186 @!@!@
